<?xml version="1.0" encoding="UTF-8"?>
<!-- Generated by org.testng.reporters.JUnitReportReporter -->
<testsuite hostname="DESKTOP-RQNH55N" failures="0" tests="1" name="Mytestcases.signup" time="21.182" errors="0" timestamp="2024-01-30T15:44:44 EET" skipped="0">
  <testcase classname="Mytestcases.signup" name="signUp" time="21.182"/>
  <system-out/>
</testsuite> <!-- Mytestcases.signup -->
